<?xml version="1.0" encoding="UTF-8"?>
<!-- Generated by org.testng.reporters.JUnitXMLReporter -->
<testsuite ignored="1" hostname="LAPTOP-P3PTTN41" failures="1" tests="8" name="Test" time="169.005" errors="0" timestamp="2022-05-25T23:11:00 IST">
  <testcase classname="com.qa.testLayer.Test1" name="TaskNameTextBoxTest" time="0.049"/>
  <testcase classname="com.qa.testLayer.Test1" name="DescribeTaskTextBoxTest" time="0.044"/>
  <testcase classname="com.qa.testLayer.Test1" name="OneTimeRadioButtonTest" time="0.033"/>
  <testcase classname="com.qa.testLayer.Test1" name="CreateThisTaskButtonTest" time="0.149"/>
  <testcase classname="com.qa.testLayer.Test1" name="CreateThisTaskButtonBgrndColorTest" time="0.037"/>
  <testcase classname="com.qa.testLayer.Test1" name="Test" time="1.254"/>
  <testcase classname="com.qa.testLayer.Test1" name="TextBoxKeySimulationTest" time="0.412">
    <failure type="java.lang.AssertionError" message="expected [task 1] but found []">
      <![CDATA[java.lang.AssertionError: expected [task 1] but found []
at com.qa.testLayer.Test1.TextBoxKeySimulationTest(Test1.java:89)
at java.base/java.util.ArrayList.forEach(ArrayList.java:1511)
... Removed 31 stack frames]]>
    </failure>
  </testcase> <!-- TextBoxKeySimulationTest -->
  <testcase classname="com.qa.testLayer.Test1" name="Test2" time="0.396"/>
  <testcase classname="com.qa.testLayer.Test1" name="TestUser1_Btn_Test" time="0.0">
    <ignored/>
  </testcase> <!-- TestUser1_Btn_Test -->
</testsuite> <!-- Test -->
